<?xml version="1.0" encoding="UTF-8"?>
<coverage generated="1656254196486" clover="3.2.0">
  <project timestamp="1656254196486" name="All files">
    <metrics statements="22" coveredstatements="3" conditionals="2" coveredconditionals="0" methods="6" coveredmethods="1" elements="30" coveredelements="4" complexity="0" loc="22" ncloc="22" packages="1" files="2" classes="2"/>
    <file name="NoteCard.vue" path="/home/trung/Git/webtech_git/person-frontend/src/components/NoteCard.vue">
      <metrics statements="1" coveredstatements="1" conditionals="0" coveredconditionals="0" methods="0" coveredmethods="0"/>
      <line num="21" count="1" type="stmt"/>
    </file>
    <file name="NoteCreateCard.vue" path="/home/trung/Git/webtech_git/person-frontend/src/components/NoteCreateCard.vue">
      <metrics statements="21" coveredstatements="2" conditionals="2" coveredconditionals="0" methods="6" coveredmethods="1"/>
      <line num="41" count="1" type="stmt"/>
      <line num="44" count="1" type="stmt"/>
      <line num="52" count="0" type="stmt"/>
      <line num="53" count="0" type="cond" truecount="0" falsecount="1"/>
      <line num="54" count="0" type="stmt"/>
      <line num="55" count="0" type="stmt"/>
      <line num="56" count="0" type="stmt"/>
      <line num="58" count="0" type="stmt"/>
      <line num="65" count="0" type="stmt"/>
      <line num="72" count="0" type="stmt"/>
      <line num="73" count="0" type="stmt"/>
      <line num="77" count="0" type="stmt"/>
      <line num="79" count="0" type="stmt"/>
      <line num="82" count="0" type="stmt"/>
      <line num="83" count="0" type="stmt"/>
      <line num="84" count="0" type="cond" truecount="0" falsecount="1"/>
      <line num="85" count="0" type="stmt"/>
      <line num="86" count="0" type="stmt"/>
      <line num="87" count="0" type="stmt"/>
      <line num="90" count="0" type="stmt"/>
      <line num="93" count="0" type="stmt"/>
    </file>
  </project>
</coverage>
