{"/home/trung/Git/webtech_git/person-frontend/src/components/NoteCard.vue": {"path":"/home/trung/Git/webtech_git/person-frontend/src/components/NoteCard.vue","statementMap":{"0":{"start":{"line":21,"column":15},"end":{"line":21,"column":null}}},"fnMap":{},"branchMap":{},"s":{"0":1},"f":{},"b":{}}
,"/home/trung/Git/webtech_git/person-frontend/src/components/NoteCreateCard.vue": {"path":"/home/trung/Git/webtech_git/person-frontend/src/components/NoteCreateCard.vue","statementMap":{"0":{"start":{"line":41,"column":15},"end":{"line":41,"column":null}},"1":{"start":{"line":44,"column":4},"end":{"line":44,"column":11}},"2":{"start":{"line":52,"column":20},"end":{"line":52,"column":25}},"3":{"start":{"line":53,"column":6},"end":{"line":74,"column":null}},"4":{"start":{"line":54,"column":25},"end":{"line":54,"column":null}},"5":{"start":{"line":55,"column":24},"end":{"line":55,"column":28}},"6":{"start":{"line":56,"column":8},"end":{"line":56,"column":15}},"7":{"start":{"line":58,"column":24},"end":{"line":58,"column":28}},"8":{"start":{"line":65,"column":31},"end":{"line":65,"column":null}},"9":{"start":{"line":72,"column":8},"end":{"line":72,"column":13}},"10":{"start":{"line":73,"column":26},"end":{"line":73,"column":33}},"11":{"start":{"line":77,"column":18},"end":{"line":77,"column":null}},"12":{"start":{"line":79,"column":18},"end":{"line":79,"column":26}},"13":{"start":{"line":82,"column":6},"end":{"line":82,"column":11}},"14":{"start":{"line":83,"column":8},"end":{"line":83,"column":12}},"15":{"start":{"line":84,"column":10},"end":{"line":88,"column":null}},"16":{"start":{"line":85,"column":12},"end":{"line":85,"column":17}},"17":{"start":{"line":86,"column":12},"end":{"line":86,"column":17}},"18":{"start":{"line":87,"column":12},"end":{"line":87,"column":17}},"19":{"start":{"line":90,"column":10},"end":{"line":90,"column":14}},"20":{"start":{"line":93,"column":6},"end":{"line":93,"column":13}}},"fnMap":{"0":{"name":"(anonymous_0)","decl":{"start":{"line":43,"column":2},"end":{"line":43,"column":6}},"loc":{"start":{"line":43,"column":10},"end":{"line":49,"column":null}}},"1":{"name":"(anonymous_1)","decl":{"start":{"line":51,"column":4},"end":{"line":51,"column":14}},"loc":{"start":{"line":51,"column":18},"end":{"line":75,"column":null}}},"2":{"name":"(anonymous_2)","decl":{"start":{"line":73,"column":17},"end":{"line":73,"column":22}},"loc":{"start":{"line":73,"column":26},"end":{"line":73,"column":33}}},"3":{"name":"(anonymous_3)","decl":{"start":{"line":76,"column":4},"end":{"line":76,"column":12}},"loc":{"start":{"line":76,"column":16},"end":{"line":94,"column":null}}},"4":{"name":"(anonymous_4)","decl":{"start":{"line":82,"column":32},"end":{"line":82,"column":36}},"loc":{"start":{"line":82,"column":40},"end":{"line":92,"column":null}}},"5":{"name":"(anonymous_5)","decl":{"start":{"line":83,"column":40},"end":{"line":83,"column":50}},"loc":{"start":{"line":83,"column":57},"end":{"line":91,"column":11}}}},"branchMap":{"0":{"loc":{"start":{"line":53,"column":6},"end":{"line":74,"column":null}},"type":"if","locations":[{"start":{"line":53,"column":6},"end":{"line":74,"column":null}}]},"1":{"loc":{"start":{"line":84,"column":10},"end":{"line":88,"column":null}},"type":"if","locations":[{"start":{"line":84,"column":10},"end":{"line":88,"column":null}}]}},"s":{"0":1,"1":1,"2":0,"3":0,"4":0,"5":0,"6":0,"7":0,"8":0,"9":0,"10":0,"11":0,"12":0,"13":0,"14":0,"15":0,"16":0,"17":0,"18":0,"19":0,"20":0},"f":{"0":1,"1":0,"2":0,"3":0,"4":0,"5":0},"b":{"0":[0],"1":[0]}}
}
