TN:
SF:src/components/NoteCard.vue
FNF:0
FNH:0
DA:21,1
LF:1
LH:1
BRF:0
BRH:0
end_of_record
TN:
SF:src/components/NoteCreateCard.vue
FN:43,(anonymous_0)
FN:51,(anonymous_1)
FN:73,(anonymous_2)
FN:76,(anonymous_3)
FN:82,(anonymous_4)
FN:83,(anonymous_5)
FNF:6
FNH:1
FNDA:1,(anonymous_0)
FNDA:0,(anonymous_1)
FNDA:0,(anonymous_2)
FNDA:0,(anonymous_3)
FNDA:0,(anonymous_4)
FNDA:0,(anonymous_5)
DA:41,1
DA:44,1
DA:52,0
DA:53,0
DA:54,0
DA:55,0
DA:56,0
DA:58,0
DA:65,0
DA:72,0
DA:73,0
DA:77,0
DA:79,0
DA:82,0
DA:83,0
DA:84,0
DA:85,0
DA:86,0
DA:87,0
DA:90,0
DA:93,0
LF:21
LH:2
BRDA:53,0,0,0
BRDA:84,1,0,0
BRF:2
BRH:0
end_of_record
